<?xml version="1.0" encoding="UTF-8"?>
<!-- Generated by org.testng.reporters.JUnitXMLReporter -->
<testsuite ignored="1" hostname="DESKTOP-4HJIOBN" failures="0" tests="2" name="Default test" time="7.927" errors="0" timestamp="2024-08-13T19:40:38 EET">
  <testcase classname="homePage.Mytestcases" name="RandomLanguage" time="3.452"/>
  <testcase classname="homePage.Mytestcases" name="SwitchHotels" time="0.387"/>
  <testcase classname="homePage.Mytestcases" name="Check" time="0.0">
    <ignored/>
  </testcase> <!-- Check -->
</testsuite> <!-- Default test -->
