<?xml version="1.0" encoding="UTF-8"?>
<!-- Generated by org.testng.reporters.JUnitXMLReporter -->
<testsuite ignored="2" hostname="DESKTOP-4HJIOBN" failures="0" tests="6" name="Default test" time="7.361" errors="0" timestamp="2024-08-17T20:54:05 EET">
  <testcase classname="homePage.Mytestcases" name="checkDate" time="0.058"/>
  <testcase classname="homePage.Mytestcases" name="CheckTheDefaultLangugeIsEnglish" time="0.021"/>
  <testcase classname="homePage.Mytestcases" name="CheckdefaultCurrency" time="0.035"/>
  <testcase classname="homePage.Mytestcases" name="CheckContactNumber" time="0.018"/>
  <testcase classname="homePage.Mytestcases" name="CheckQitagLogo" time="0.054"/>
  <testcase classname="homePage.Mytestcases" name="TestHotelTabIsNotSelected" time="0.029"/>
  <testcase classname="homePage.Mytestcases" name="RandomLanguage" time="0.0">
    <ignored/>
  </testcase> <!-- RandomLanguage -->
  <testcase classname="homePage.Mytestcases" name="SwitchHotels" time="0.0">
    <ignored/>
  </testcase> <!-- SwitchHotels -->
</testsuite> <!-- Default test -->
