<?xml version="1.0" encoding="UTF-8"?>
<testng-results ignored="1" total="2" passed="1" failed="0" skipped="0">
  <reporter-output>
  </reporter-output>
  <suite started-at="2024-08-13T19:10:35 EET" name="Default suite" finished-at="2024-08-13T19:10:54 EET" duration-ms="18660">
    <groups>
    </groups>
    <test started-at="2024-08-13T19:10:35 EET" name="Default test" finished-at="2024-08-13T19:10:54 EET" duration-ms="18660">
      <class name="homePage.Mytestcases">
        <test-method is-config="true" signature="MySetup()[pri:0, instance:homePage.Mytestcases@54dcfa5a]" started-at="2024-08-13T19:10:35 EET" name="MySetup" finished-at="2024-08-13T19:10:47 EET" duration-ms="11747" status="PASS">
          <reporter-output>
          </reporter-output>
        </test-method> <!-- MySetup -->
        <test-method signature="RandomLanguage()[pri:0, instance:homePage.Mytestcases@54dcfa5a]" started-at="2024-08-13T19:10:47 EET" name="RandomLanguage" finished-at="2024-08-13T19:10:54 EET" duration-ms="6876" status="PASS">
          <reporter-output>
          </reporter-output>
        </test-method> <!-- RandomLanguage -->
      </class> <!-- homePage.Mytestcases -->
    </test> <!-- Default test -->
  </suite> <!-- Default suite -->
</testng-results>
