<?xml version="1.0" encoding="UTF-8"?>
<testng-results ignored="1" total="3" passed="2" failed="0" skipped="0">
  <reporter-output>
  </reporter-output>
  <suite started-at="2024-08-13T19:40:30 EET" name="Default suite" finished-at="2024-08-13T19:40:38 EET" duration-ms="7927">
    <groups>
    </groups>
    <test started-at="2024-08-13T19:40:30 EET" name="Default test" finished-at="2024-08-13T19:40:38 EET" duration-ms="7927">
      <class name="homePage.Mytestcases">
        <test-method is-config="true" signature="MySetup()[pri:0, instance:homePage.Mytestcases@1817f1eb]" started-at="2024-08-13T19:40:30 EET" name="MySetup" finished-at="2024-08-13T19:40:34 EET" duration-ms="4044" status="PASS">
          <reporter-output>
          </reporter-output>
        </test-method> <!-- MySetup -->
        <test-method signature="RandomLanguage()[pri:0, instance:homePage.Mytestcases@1817f1eb]" started-at="2024-08-13T19:40:34 EET" name="RandomLanguage" finished-at="2024-08-13T19:40:38 EET" duration-ms="3452" status="PASS">
          <reporter-output>
          </reporter-output>
        </test-method> <!-- RandomLanguage -->
        <test-method signature="SwitchHotels()[pri:0, instance:homePage.Mytestcases@1817f1eb]" started-at="2024-08-13T19:40:38 EET" name="SwitchHotels" finished-at="2024-08-13T19:40:38 EET" duration-ms="387" status="PASS">
          <reporter-output>
          </reporter-output>
        </test-method> <!-- SwitchHotels -->
      </class> <!-- homePage.Mytestcases -->
    </test> <!-- Default test -->
  </suite> <!-- Default suite -->
</testng-results>
